JvmtiExport can_access_local_variables 0
JvmtiExport can_hotswap_or_post_breakpoint 0
JvmtiExport can_post_on_exceptions 0
# 556 ciObject found
instanceKlass org/gradle/model/internal/registry/RuleBindings$1
instanceKlass org/gradle/api/internal/tasks/SimpleWorkResult
instanceKlass org/apache/tools/zip/ZipEightByteInteger
instanceKlass org/apache/tools/zip/JarMarker
instanceKlass org/apache/tools/zip/AsiExtraField
instanceKlass org/apache/tools/zip/UnixStat
instanceKlass org/apache/tools/zip/ExtraFieldUtils
instanceKlass org/apache/tools/zip/AbstractUnicodeExtraField
instanceKlass org/apache/tools/zip/ZipUtil
instanceKlass org/apache/tools/zip/ZipShort
instanceKlass org/apache/tools/zip/Zip64ExtendedInformationExtraField
instanceKlass org/apache/tools/zip/ZipOutputStream$CurrentEntry
instanceKlass org/apache/tools/zip/GeneralPurposeBit
instanceKlass org/apache/tools/zip/UnparseableExtraFieldData
instanceKlass org/apache/tools/zip/CentralDirectoryParsingZipExtraField
instanceKlass org/gradle/api/internal/ChainingTransformer
instanceKlass org/gradle/api/internal/file/copy/FilterChain
instanceKlass org/gradle/api/internal/file/copy/CopyFileVisitorImpl
instanceKlass org/gradle/api/internal/file/copy/CopySpecActionImpl
instanceKlass org/gradle/api/internal/file/copy/DuplicateHandlingCopyActionDecorator$1$1
instanceKlass org/gradle/api/internal/file/copy/NormalizingCopyActionDecorator$1$1
instanceKlass org/gradle/api/internal/file/archive/ZipCopyAction$StreamAction
instanceKlass org/gradle/api/internal/file/archive/ZipCopyAction$1
instanceKlass org/apache/tools/zip/ZipOutputStream$UnicodeExtraFieldPolicy
instanceKlass java/util/zip/Deflater
instanceKlass org/apache/tools/zip/FallbackZipEncoding
instanceKlass org/apache/tools/zip/ZipEncodingHelper$SimpleEncodingHolder
instanceKlass org/apache/tools/zip/ZipEncoding
instanceKlass org/apache/tools/zip/ZipEncodingHelper
instanceKlass org/apache/tools/zip/ZipLong
instanceKlass org/apache/tools/zip/ZipExtraField
instanceKlass org/gradle/api/internal/file/copy/FileCopyDetailsInternal
instanceKlass org/gradle/api/internal/file/copy/NormalizingCopyActionDecorator$1
instanceKlass org/gradle/api/internal/file/CopyActionProcessingStreamAction
instanceKlass org/gradle/api/internal/file/copy/DuplicateHandlingCopyActionDecorator$1
instanceKlass org/gradle/api/internal/file/copy/CopySpecBackedCopyActionProcessingStream
instanceKlass org/gradle/api/internal/file/copy/NormalizingCopyActionDecorator
instanceKlass org/gradle/api/internal/file/copy/DuplicateHandlingCopyActionDecorator
instanceKlass org/gradle/api/internal/file/copy/DefaultZipCompressor
instanceKlass org/gradle/api/tasks/bundling/Zip$1
instanceKlass org/gradle/api/internal/file/archive/ZipCopyAction
instanceKlass org/gradle/api/internal/file/copy/CopyActionProcessingStream
instanceKlass org/gradle/api/internal/file/copy/CopyActionExecuter
instanceKlass com/android/manifmerger/PlaceholderEncoder
instanceKlass com/google/common/io/LineBuffer
instanceKlass com/google/common/io/LineReader
instanceKlass com/google/common/collect/ImmutableMultimap$Builder
instanceKlass com/android/ide/common/xml/XmlAttributeSortOrder$3
instanceKlass com/android/ide/common/xml/XmlPrettyPrinter
instanceKlass com/android/ide/common/xml/XmlAttributeSortOrder$2
instanceKlass com/android/ide/common/xml/XmlAttributeSortOrder$1
instanceKlass com/android/ide/common/xml/XmlFormatPreferences
instanceKlass com/android/manifmerger/PostValidator$1
instanceKlass com/android/manifmerger/PostValidator
instanceKlass java/util/TreeMap$NavigableSubMap$SubMapIterator
instanceKlass com/android/manifmerger/ElementsTrimmer
instanceKlass com/android/ide/common/res2/DataSet$1
instanceKlass com/google/common/util/concurrent/ListeningScheduledExecutorService
instanceKlass com/google/common/util/concurrent/ListeningExecutorService
instanceKlass com/google/common/util/concurrent/MoreExecutors
instanceKlass com/android/ide/common/res2/MergedResourceWriter$$Lambda$298
instanceKlass com/google/common/util/concurrent/Futures$ImmediateFuture
instanceKlass com/google/common/util/concurrent/Futures$7
instanceKlass com/google/common/util/concurrent/Futures$4
instanceKlass com/google/common/util/concurrent/Futures$FutureCombiner
instanceKlass com/google/common/util/concurrent/CheckedFuture
instanceKlass com/google/common/util/concurrent/AsyncFunction
instanceKlass com/google/common/util/concurrent/Futures
instanceKlass com/google/common/io/CharSink
instanceKlass com/android/utils/XmlUtils$PositionAwareStringBuilder
instanceKlass com/android/ide/common/res2/NodeUtils
instanceKlass com/android/ide/common/res2/MergedResourceWriter$PngCrunchRequest
instanceKlass com/android/ide/common/res2/MergedResourceWriter$$Lambda$297
instanceKlass com/google/common/collect/AbstractMapBasedMultimap$Itr
instanceKlass com/google/common/collect/HashBasedTable$Factory
instanceKlass com/google/common/collect/AbstractTable
instanceKlass java/util/concurrent/ConcurrentLinkedDeque$Node
instanceKlass com/android/ide/common/res2/MergeWriter
instanceKlass com/android/ide/common/res2/QueueableResourceCompiler$1
instanceKlass com/google/common/collect/AbstractMapBasedMultimap$AsMap$AsMapIterator
instanceKlass com/android/ide/common/res2/ValueResourceNameValidator
instanceKlass com/android/ide/common/res2/ValueResourceParser2
instanceKlass com/android/ide/common/rendering/api/ResourceReference
instanceKlass com/sun/org/apache/xerces/internal/util/NamespaceContextWrapper
instanceKlass com/sun/org/apache/xerces/internal/impl/XMLStreamReaderImpl
instanceKlass javax/xml/stream/XMLStreamReader
instanceKlass javax/xml/stream/XMLStreamConstants
instanceKlass com/sun/org/apache/xerces/internal/impl/PropertyManager
instanceKlass javax/xml/stream/SecuritySupport$1
instanceKlass javax/xml/stream/FactoryFinder$1
instanceKlass javax/xml/stream/SecuritySupport$5
instanceKlass javax/xml/stream/SecuritySupport$2
instanceKlass javax/xml/stream/SecuritySupport
instanceKlass javax/xml/stream/FactoryFinder
instanceKlass javax/xml/stream/XMLInputFactory
instanceKlass com/android/ide/common/res2/FileResourceNameValidator
instanceKlass com/android/resources/FolderTypeRelationship
instanceKlass com/android/ide/common/resources/configuration/FolderConfiguration
instanceKlass com/android/ide/common/res2/ResourceSet$FolderData
instanceKlass com/android/ide/common/res2/DataItem
instanceKlass com/android/ide/common/resources/configuration/Configurable
instanceKlass com/google/common/collect/Table
instanceKlass com/android/ide/common/res2/DataMerger
instanceKlass com/android/ide/common/resources/configuration/ResourceQualifier
instanceKlass java/awt/image/RenderedImage
instanceKlass com/android/builder/png/VectorDrawableRenderer
instanceKlass com/android/build/gradle/tasks/MergeResources$$Lambda$296
instanceKlass com/android/builder/internal/compiler/ShaderProcessor
instanceKlass com/android/builder/internal/incremental/DependencyDataStore
instanceKlass javax/management/Attribute
instanceKlass com/android/ide/common/internal/ExecutorSingleton$$Lambda$295
instanceKlass java/util/concurrent/ExecutorCompletionService
instanceKlass java/util/concurrent/CompletionService
instanceKlass com/android/ide/common/internal/WaitableExecutor
instanceKlass com/android/builder/internal/compiler/AidlProcessor
instanceKlass com/android/build/gradle/tasks/AidlCompile$DepFileProcessor
instanceKlass org/gradle/internal/component/local/model/DefaultLocalComponentMetadata$1
instanceKlass org/gradle/internal/metaobject/BeanDynamicObject$1
instanceKlass org/codehaus/groovy/ast/tools/WideningCategories$2
instanceKlass org/codehaus/groovy/ast/tools/WideningCategories
instanceKlass java/lang/FunctionalInterface
instanceKlass org/gradle/model/dsl/internal/transform/ClosureBackedRuleFactory
instanceKlass org/gradle/model/dsl/internal/transform/SourceLocation
instanceKlass org/gradle/model/dsl/internal/transform/InputReferences
instanceKlass org/gradle/model/dsl/internal/transform/TransformedClosure
instanceKlass org/gradle/model/dsl/internal/inputs/PotentialInputs
instanceKlass org/gradle/model/dsl/internal/transform/RulesBlock
instanceKlass java/util/Collections$3
instanceKlass java/security/PermissionsEnumerator
instanceKlass groovy/lang/GroovyClassLoader$4
instanceKlass org/codehaus/groovy/tools/GroovyClass
instanceKlass org/codehaus/groovy/classgen/asm/MopWriter$MopKey
instanceKlass org/codehaus/groovy/classgen/asm/BytecodeVariable
instanceKlass org/codehaus/groovy/classgen/asm/CompileStack$StateStackElement
instanceKlass org/codehaus/groovy/classgen/asm/OptimizingStatementWriter$StatementMeta
instanceKlass org/codehaus/groovy/classgen/asm/OptimizingStatementWriter$OptimizeFlagsCollector$OptimizeFlagsEntry
instanceKlass org/codehaus/groovy/classgen/asm/OptimizingStatementWriter$OptimizeFlagsCollector
instanceKlass org/codehaus/groovy/classgen/asm/StatementMetaTypeChooser
instanceKlass org/codehaus/groovy/classgen/asm/CompileStack
instanceKlass org/codehaus/groovy/classgen/asm/ClosureWriter$1
instanceKlass org/codehaus/groovy/classgen/asm/ClosureWriter
instanceKlass org/codehaus/groovy/classgen/asm/AssertionWriter
instanceKlass org/codehaus/groovy/classgen/asm/OperandStack
instanceKlass org/codehaus/groovy/classgen/asm/BinaryExpressionWriter
instanceKlass org/codehaus/groovy/classgen/asm/UnaryExpressionHelper
instanceKlass org/codehaus/groovy/classgen/asm/CallSiteWriter
instanceKlass org/codehaus/groovy/classgen/asm/InvocationWriter
instanceKlass org/codehaus/groovy/classgen/asm/TypeChooser
instanceKlass org/codehaus/groovy/classgen/asm/StatementWriter
instanceKlass org/codehaus/groovy/classgen/asm/BinaryExpressionHelper
instanceKlass org/codehaus/groovy/classgen/asm/WriterController
instanceKlass org/codehaus/groovy/classgen/asm/WriterControllerFactory
instanceKlass org/codehaus/groovy/classgen/asm/MethodCaller
instanceKlass org/codehaus/groovy/classgen/asm/MethodCallerMultiAdapter
instanceKlass org/codehaus/groovy/classgen/AnnotationVisitor
instanceKlass org/codehaus/groovy/ast/tools/GenericsUtils
instanceKlass org/codehaus/groovy/ast/tools/GeneralUtils
instanceKlass org/codehaus/groovy/classgen/ReturnAdder$1
instanceKlass org/codehaus/groovy/classgen/ReturnAdder$ReturnStatementListener
instanceKlass org/codehaus/groovy/classgen/ReturnAdder
instanceKlass org/codehaus/groovy/classgen/asm/MopWriter$1
instanceKlass org/codehaus/groovy/classgen/asm/MopWriter$Factory
instanceKlass org/codehaus/groovy/classgen/asm/MopWriter
instanceKlass org/codehaus/groovy/classgen/asm/OptimizingStatementWriter$ClassNodeSkip
instanceKlass org/codehaus/groovy/classgen/Verifier$11
instanceKlass org/codehaus/groovy/classgen/Verifier$10
instanceKlass groovy/transform/CompileStatic
instanceKlass org/codehaus/groovy/transform/trait/TraitComposer
instanceKlass org/codehaus/groovy/ast/tools/ParameterUtils
instanceKlass org/codehaus/groovy/ast/tools/ClassNodeUtils
instanceKlass groovy/transform/CompilationUnitAware
instanceKlass groovy/transform/SelfType
instanceKlass groovy/lang/GeneratedGroovyProxy
instanceKlass groovy/transform/Trait
instanceKlass org/codehaus/groovy/transform/trait/Traits$TraitBridge
instanceKlass org/codehaus/groovy/transform/trait/Traits
instanceKlass org/codehaus/groovy/transform/GroovyASTTransformation
instanceKlass org/codehaus/groovy/vmplugin/v5/Java5$1
instanceKlass groovy/transform/AnnotationCollector
instanceKlass org/codehaus/groovy/transform/AnnotationCollectorTransform$ClassChanger
instanceKlass org/codehaus/groovy/transform/GroovyASTTransformationClass
instanceKlass org/codehaus/groovy/control/ClassNodeResolver$LookupResult
instanceKlass org/codehaus/groovy/ast/DynamicVariable
instanceKlass org/codehaus/groovy/classgen/VariableScopeVisitor$StateStackElement
instanceKlass java/util/WeakHashMap$HashIterator
instanceKlass org/gradle/plugin/use/internal/PluginRequestCollector$3
instanceKlass org/gradle/plugin/use/internal/PluginRequest
instanceKlass org/gradle/plugin/use/internal/PluginRequestCollector$2
instanceKlass org/gradle/groovy/scripts/internal/ScriptBlock
instanceKlass org/gradle/groovy/scripts/internal/AstUtils$1
instanceKlass org/gradle/groovy/scripts/internal/AstUtils
instanceKlass org/codehaus/groovy/util/ListHashMap
instanceKlass org/codehaus/groovy/control/SourceUnit$1
instanceKlass groovy/transform/BaseScript
instanceKlass org/codehaus/groovy/transform/AbstractASTTransformation
instanceKlass org/codehaus/groovy/transform/ASTTransformation
instanceKlass org/codehaus/groovy/syntax/Types
instanceKlass org/codehaus/groovy/syntax/CSTNode
instanceKlass java/math/MathContext
instanceKlass org/codehaus/groovy/syntax/Numbers
instanceKlass org/codehaus/groovy/ast/VariableScope
instanceKlass org/codehaus/groovy/antlr/AntlrParserPlugin$1
instanceKlass org/codehaus/groovy/antlr/LineColumn
instanceKlass org/codehaus/groovy/antlr/AntlrASTProcessSnippets
instanceKlass groovyjarjarantlr/collections/impl/ASTArray
instanceKlass groovyjarjarantlr/ASTPair
instanceKlass groovyjarjarantlr/ASTFactory
instanceKlass groovyjarjarantlr/TokenQueue
instanceKlass groovyjarjarantlr/TokenBuffer
instanceKlass groovyjarjarantlr/ParserSharedInputState
instanceKlass org/codehaus/groovy/antlr/parser/GroovyLexer$1
instanceKlass groovyjarjarantlr/collections/ASTEnumeration
instanceKlass groovyjarjarantlr/BaseAST
instanceKlass groovyjarjarantlr/collections/AST
instanceKlass groovyjarjarantlr/Parser
instanceKlass groovyjarjarantlr/collections/impl/BitSet
instanceKlass org/codehaus/groovy/antlr/SourceInfo
instanceKlass groovyjarjarantlr/CharQueue
instanceKlass groovyjarjarantlr/InputBuffer
instanceKlass groovyjarjarantlr/Token
instanceKlass groovyjarjarantlr/Utils
instanceKlass groovyjarjarantlr/ANTLRHashString
instanceKlass groovyjarjarantlr/ANTLRStringBuffer
instanceKlass org/codehaus/groovy/antlr/SourceBuffer
instanceKlass groovyjarjarantlr/CharScanner
instanceKlass groovyjarjarantlr/TokenStream
instanceKlass groovyjarjarantlr/LexerSharedInputState
instanceKlass org/codehaus/groovy/antlr/AntlrASTProcessor
instanceKlass org/codehaus/groovy/antlr/treewalker/Visitor
instanceKlass org/codehaus/groovy/syntax/ASTHelper
instanceKlass org/codehaus/groovy/antlr/parser/GroovyTokenTypes
instanceKlass org/codehaus/groovy/control/ParserPlugin
instanceKlass org/codehaus/groovy/control/ParserPluginFactory
instanceKlass groovy/lang/GroovyClassLoader$5
instanceKlass org/codehaus/groovy/control/io/AbstractReaderSource
instanceKlass org/codehaus/groovy/transform/ASTTransformationVisitor$4
instanceKlass org/codehaus/groovy/control/ClassNodeResolver
instanceKlass org/codehaus/groovy/ast/stmt/LoopingStatement
instanceKlass org/codehaus/groovy/ast/expr/MethodCall
instanceKlass org/codehaus/groovy/classgen/Verifier$DefaultArgsAction
instanceKlass org/codehaus/groovy/classgen/BytecodeInstruction
instanceKlass org/codehaus/groovy/ast/CompileUnit
instanceKlass org/codehaus/groovy/control/ASTTransformationsContext
instanceKlass org/codehaus/groovy/control/ErrorCollector
instanceKlass org/codehaus/groovy/ast/CodeVisitorSupport
instanceKlass org/codehaus/groovy/ast/expr/ExpressionTransformer
instanceKlass org/codehaus/groovy/classgen/Verifier
instanceKlass org/codehaus/groovy/ast/GroovyClassVisitor
instanceKlass org/codehaus/groovy/control/messages/Message
instanceKlass org/codehaus/groovy/control/io/ReaderSource
instanceKlass org/codehaus/groovy/control/HasCleanup
instanceKlass org/codehaus/groovy/control/CompilationUnit$GroovyClassOperation
instanceKlass groovy/lang/GroovyCodeSource
instanceKlass groovy/lang/GroovyClassLoader$1
instanceKlass org/codehaus/groovy/control/ProcessingUnit
instanceKlass org/codehaus/groovy/control/CompilationUnit$PrimaryClassNodeOperation
instanceKlass org/codehaus/groovy/GroovyExceptionInterface
instanceKlass org/codehaus/groovy/control/CompilerConfiguration
instanceKlass com/android/build/gradle/tasks/ProcessTestManifest$$Lambda$294
instanceKlass org/gradle/cli/ParsedCommandLine
instanceKlass org/gradle/cli/CommandLineParser$OptionParserState
instanceKlass org/gradle/cli/CommandLineParser$ParserState
instanceKlass org/gradle/cli/CommandLineParser
instanceKlass org/gradle/tooling/internal/provider/serialization/WellKnownClassLoaderRegistry$1
instanceKlass org/gradle/tooling/internal/provider/serialization/DefaultPayloadClassLoaderRegistry$1
instanceKlass org/gradle/tooling/internal/provider/BuildActionResult
instanceKlass com/android/builder/model/NativeSettings
instanceKlass com/android/builder/model/NativeArtifact
instanceKlass com/android/build/gradle/internal/ide/NativeModelBuilder$NativeAndroidProjectBuilder
instanceKlass com/android/builder/model/level2/GlobalLibraryMap
instanceKlass com/android/builder/model/ArtifactMetaData
instanceKlass com/android/builder/model/BuildType
instanceKlass com/android/builder/model/BuildTypeContainer
instanceKlass com/android/builder/model/SourceProviderContainer
instanceKlass com/android/builder/model/SyncIssue
instanceKlass com/android/builder/model/NativeToolchain
instanceKlass com/android/builder/model/JavaArtifact
instanceKlass com/android/builder/model/TestedTargetVariant
instanceKlass com/android/builder/model/NativeLibrary
instanceKlass com/android/build/FilterData
instanceKlass com/android/build/OutputFile
instanceKlass com/android/builder/model/AndroidArtifactOutput
instanceKlass com/android/build/VariantOutput
instanceKlass com/android/builder/model/InstantRun
instanceKlass com/android/builder/model/level2/GraphItem
instanceKlass com/android/builder/model/JavaLibrary
instanceKlass com/android/builder/model/MavenCoordinates
instanceKlass com/android/builder/model/AndroidLibrary
instanceKlass com/android/builder/model/AndroidAtom
instanceKlass com/android/builder/model/AndroidBundle
instanceKlass com/android/builder/model/Library
instanceKlass com/android/builder/model/level2/DependencyGraphs
instanceKlass com/android/builder/model/SourceProvider
instanceKlass com/android/builder/model/Dependencies
instanceKlass com/android/builder/model/VectorDrawablesOptions
instanceKlass com/android/builder/model/SigningConfig
instanceKlass com/android/builder/model/ApiVersion
instanceKlass com/android/builder/model/ClassField
instanceKlass com/android/builder/model/AndroidArtifact
instanceKlass com/android/builder/model/BaseArtifact
instanceKlass com/android/builder/model/ProductFlavor
instanceKlass com/android/builder/model/DimensionAware
instanceKlass com/android/builder/model/BaseConfig
instanceKlass com/android/builder/model/Variant
instanceKlass com/android/builder/model/JavaCompileOptions
instanceKlass com/android/builder/model/LintOptions
instanceKlass com/android/builder/model/AaptOptions
instanceKlass com/android/builder/model/ProductFlavorContainer
instanceKlass com/android/build/gradle/internal/ide/DefaultJavaCompileOptions
instanceKlass com/android/build/gradle/internal/ide/ModelBuilder$$Lambda$293
instanceKlass com/android/build/gradle/internal/ide/ModelBuilder$$Lambda$292
instanceKlass com/android/build/gradle/internal/ide/ModelBuilder$$Lambda$291
instanceKlass com/android/build/gradle/internal/ide/SigningConfigImpl
instanceKlass com/android/builder/model/JavaCompileOptions
instanceKlass com/android/build/gradle/internal/ide/DefaultAndroidProject
instanceKlass com/android/build/gradle/internal/ide/ModelBuilder$$Lambda$290
instanceKlass com/android/build/gradle/internal/ide/VariantImpl
instanceKlass com/android/build/gradle/internal/ide/ModelBuilder$1
instanceKlass com/android/build/gradle/internal/ide/ModelBuilder$$Lambda$289
instanceKlass com/android/builder/model/JavaArtifact
instanceKlass com/android/build/gradle/internal/ide/BaseArtifactImpl
instanceKlass com/android/build/gradle/internal/ide/DependenciesConverter$$Lambda$288
instanceKlass com/android/ide/common/caching/CreatingCache$1
instanceKlass com/android/ide/common/caching/CreatingCache$ValueState
instanceKlass com/android/build/gradle/internal/ide/DependenciesConverter$1
instanceKlass com/android/build/gradle/internal/ide/DependenciesConverter$$Lambda$287
instanceKlass com/android/build/gradle/internal/ide/DependenciesConverter$$Lambda$286
instanceKlass com/android/build/gradle/internal/ide/DependenciesConverter$DependencyItemFactory
instanceKlass com/android/build/gradle/internal/incremental/BuildInfoWriterTask$ConfigAction
instanceKlass com/android/build/gradle/internal/ide/InstantRunImpl
instanceKlass com/android/build/gradle/internal/ide/AndroidArtifactOutputImpl
instanceKlass com/android/builder/model/AndroidArtifactOutput
instanceKlass com/android/build/gradle/internal/ide/OutputFileImpl
instanceKlass com/android/build/gradle/internal/ide/ModelBuilder$SourceProviders
instanceKlass com/android/build/gradle/internal/ide/BuildTypeContainerImpl
instanceKlass com/android/builder/model/BuildTypeContainer
instanceKlass com/android/build/gradle/internal/ide/ApiVersionImpl
instanceKlass com/android/build/gradle/internal/ide/BaseConfigImpl
instanceKlass com/android/build/gradle/internal/ide/SourceProviderImpl
instanceKlass com/android/build/gradle/internal/ide/SourceProviderContainerImpl$$Lambda$285
instanceKlass com/android/build/gradle/internal/ide/SourceProviderContainerImpl
instanceKlass com/android/builder/model/SourceProviderContainer
instanceKlass com/android/build/gradle/internal/ide/ProductFlavorContainerImpl
instanceKlass com/android/builder/model/ProductFlavorContainer
instanceKlass com/android/build/gradle/internal/ide/AaptOptionsImpl
instanceKlass com/android/build/gradle/internal/ide/ArtifactMetaDataImpl
instanceKlass com/android/builder/model/ArtifactMetaData
instanceKlass com/android/builder/model/NativeAndroidProject
instanceKlass java/lang/reflect/WeakCache$LookupValue
instanceKlass org/jetbrains/plugins/gradle/model/ClasspathEntryModel
instanceKlass org/jetbrains/plugins/gradle/model/FileCollectionDependency
instanceKlass org/jetbrains/plugins/gradle/model/ExternalMultiLibraryDependency
instanceKlass org/jetbrains/plugins/gradle/tooling/internal/ClasspathEntryModelImpl
instanceKlass org/jetbrains/plugins/gradle/tooling/util/DependencyTraverser$Itr
instanceKlass org/jetbrains/plugins/gradle/tooling/util/DependencyTraverser
instanceKlass com/google/common/base/Objects
instanceKlass org/jetbrains/plugins/gradle/DefaultExternalDependencyId
instanceKlass org/jetbrains/plugins/gradle/ExternalDependencyId
instanceKlass org/jetbrains/plugins/gradle/model/AbstractExternalDependency
instanceKlass com/google/common/collect/AbstractMapBasedMultimap$WrappedCollection$WrappedIterator
instanceKlass org/codehaus/groovy/runtime/callsite/BooleanReturningMethodInvoker
instanceKlass org/gradle/api/internal/artifacts/ivyservice/resolveengine/result/VersionSelectionReasons$1
instanceKlass java/util/Collections$CheckedCollection
instanceKlass java/util/Collections$CheckedMap
instanceKlass java/util/Collections$ReverseComparator
instanceKlass com/google/common/base/Function
instanceKlass org/jetbrains/plugins/gradle/tooling/util/DependencyResolverImpl$DependencyResultsTransformer
instanceKlass com/google/common/collect/AbstractMapBasedMultimap$Itr
instanceKlass com/google/common/collect/AbstractMultimap$1
instanceKlass org/codehaus/groovy/runtime/metaclass/ClosureMetaClass$3
instanceKlass org/gradle/api/specs/internal/ClosureSpec
instanceKlass org/codehaus/groovy/runtime/metaclass/ClosureMetaClass$NormalMethodChooser
instanceKlass org/gradle/api/internal/artifacts/result/DefaultUnresolvedComponentResult
instanceKlass org/gradle/api/artifacts/result/UnresolvedComponentResult
instanceKlass org/gradle/api/internal/artifacts/ivyservice/ivyresolve/CachingModuleComponentRepository$1
instanceKlass org/jetbrains/plugins/gradle/tooling/util/ModuleComponentIdentifierImpl
instanceKlass com/google/common/collect/Multiset
instanceKlass org/gradle/api/internal/artifacts/ivyservice/ErrorHandlingConfigurationResolver$1
instanceKlass groovy/lang/PropertyValue
instanceKlass sun/reflect/generics/tree/FloatSignature
instanceKlass sun/reflect/generics/tree/ShortSignature
instanceKlass sun/reflect/generics/tree/CharSignature
instanceKlass com/google/common/collect/AbstractMultimap
instanceKlass com/google/common/collect/ListMultimap
instanceKlass com/google/common/collect/Multimap
instanceKlass org/jetbrains/plugins/gradle/model/ExternalLibraryDependency
instanceKlass org/gradle/util/GradleVersion$Stage
instanceKlass org/jetbrains/plugins/gradle/tooling/util/DependencyResolverImpl
instanceKlass org/jetbrains/plugins/gradle/tooling/util/DependencyResolver
instanceKlass org/jetbrains/plugins/gradle/tooling/internal/BuildScriptClasspathModelImpl
instanceKlass org/jetbrains/plugins/gradle/model/ExtIdeaContentRoot
instanceKlass org/jetbrains/plugins/gradle/tooling/internal/IdeaContentRootImpl
instanceKlass org/jetbrains/plugins/gradle/model/ExtIdeaContentRoot
instanceKlass org/gradle/tooling/model/idea/IdeaContentRoot
instanceKlass org/jetbrains/plugins/gradle/tooling/internal/IdeaCompilerOutputImpl
instanceKlass org/jetbrains/plugins/gradle/tooling/internal/ModuleExtendedModelImpl
instanceKlass org/gradle/tooling/internal/adapter/ProtocolToModelAdapter$ChainedMethodInvoker
instanceKlass org/gradle/tooling/internal/adapter/ProtocolToModelAdapter$BeanMixInMethodInvoker
instanceKlass org/gradle/tooling/model/gradle/BasicGradleProject
instanceKlass org/gradle/tooling/internal/gradle/DefaultGradleBuild
instanceKlass org/jetbrains/plugins/gradle/model/ExternalFilter
instanceKlass org/jetbrains/plugins/gradle/model/ExternalSourceDirectorySet
instanceKlass com/intellij/openapi/externalSystem/model/project/IExternalSystemSourceType
instanceKlass org/jetbrains/plugins/gradle/ExternalDependencyId
instanceKlass org/jetbrains/plugins/gradle/model/ExternalSourceSet
instanceKlass org/jetbrains/plugins/gradle/model/ExternalPlugin
instanceKlass org/jetbrains/plugins/gradle/model/ExternalTask
instanceKlass org/jetbrains/plugins/gradle/model/DefaultExternalPlugin
instanceKlass java/lang/invoke/SerializedLambda
instanceKlass java/util/TreeMap$TreeMapSpliterator
instanceKlass org/codehaus/groovy/runtime/metaclass/ClosureMetaClass$4
instanceKlass com/android/build/api/transform/TransformInvocation
instanceKlass org/gradle/api/internal/tasks/testing/detection/TestFrameworkDetector
instanceKlass org/gradle/api/internal/tasks/testing/WorkerTestClassProcessorFactory
instanceKlass org/gradle/api/file/FileCopyDetails
instanceKlass groovy/util/Node
instanceKlass org/jetbrains/plugins/gradle/model/DefaultExternalTask
instanceKlass org/gradle/api/internal/project/DefaultProject$4
instanceKlass org/codehaus/groovy/runtime/typehandling/ShortTypeHandling
instanceKlass org/gradle/api/tasks/SourceSetOutput
instanceKlass org/codehaus/groovy/runtime/metaclass/ClosureMetaClass$6
instanceKlass org/jetbrains/plugins/gradle/tooling/util/VersionMatcher
instanceKlass org/jetbrains/plugins/gradle/tooling/annotation/TargetVersions
instanceKlass org/gradle/tooling/model/internal/Exceptions
instanceKlass com/google/common/base/Preconditions
instanceKlass com/google/common/base/Optional
instanceKlass org/gradle/tooling/internal/adapter/ProtocolToModelAdapter$MethodInvocationCache$MethodInvocationKey
instanceKlass org/gradle/tooling/internal/adapter/MethodInvocation
instanceKlass org/gradle/tooling/internal/adapter/ProtocolToModelAdapter$AdaptingMethodInvoker
instanceKlass org/gradle/tooling/internal/adapter/ProtocolToModelAdapter$PropertyCachingMethodInvoker
instanceKlass org/gradle/tooling/internal/adapter/ProtocolToModelAdapter$SafeMethodInvoker
instanceKlass org/gradle/tooling/internal/adapter/ProtocolToModelAdapter$SupportedPropertyInvoker
instanceKlass org/gradle/tooling/internal/adapter/ProtocolToModelAdapter$InvocationHandlerImpl
instanceKlass org/gradle/tooling/internal/adapter/ProtocolToModelAdapter$ViewKey
instanceKlass org/gradle/tooling/model/idea/IdeaSourceDirectory
instanceKlass org/gradle/tooling/model/SourceDirectory
instanceKlass org/gradle/tooling/model/idea/IdeaContentRoot
instanceKlass org/gradle/tooling/model/java/InstalledJdk
instanceKlass org/gradle/tooling/model/idea/IdeaDependencyScope
instanceKlass org/gradle/tooling/model/idea/IdeaCompilerOutput
instanceKlass org/gradle/tooling/model/GradleTask
instanceKlass org/gradle/tooling/model/gradle/GradleScript
instanceKlass org/gradle/tooling/model/Task
instanceKlass org/gradle/tooling/model/Launchable
instanceKlass org/gradle/tooling/model/idea/IdeaJavaLanguageSettings
instanceKlass org/gradle/tooling/model/idea/IdeaLanguageLevel
instanceKlass org/gradle/tooling/internal/adapter/ProtocolToModelAdapter$MixInMappingAction
instanceKlass org/gradle/tooling/internal/adapter/ProtocolToModelAdapter$TypeSpecificMappingAction
instanceKlass org/gradle/tooling/internal/adapter/ProtocolToModelAdapter$DefaultViewBuilder
instanceKlass org/gradle/tooling/internal/connection/DefaultBuildIdentifier
instanceKlass org/gradle/tooling/model/BuildIdentifier
instanceKlass org/gradle/tooling/internal/connection/DefaultProjectIdentifier
instanceKlass org/gradle/tooling/internal/consumer/converters/FixedBuildIdentifierProvider
instanceKlass org/gradle/tooling/internal/provider/connection/ProviderBuildResult
instanceKlass org/gradle/api/internal/artifacts/ivyservice/ShortCircuitEmptyConfigurationResolver$EmptyResolvedConfiguration$1
instanceKlass org/gradle/plugins/ide/idea/model/internal/IdeaDependenciesProvider$5
instanceKlass org/gradle/plugins/ide/idea/model/internal/IdeaDependenciesProvider$4
instanceKlass org/gradle/api/artifacts/result/UnresolvedDependencyResult
instanceKlass org/gradle/api/internal/artifacts/result/DefaultArtifactResolutionResult
instanceKlass org/gradle/api/internal/artifacts/result/DefaultResolvedArtifactResult
instanceKlass org/gradle/api/artifacts/result/ResolvedArtifactResult
instanceKlass org/gradle/api/internal/artifacts/result/DefaultComponentArtifactsResult
instanceKlass org/gradle/api/artifacts/result/ArtifactResolutionResult
instanceKlass org/gradle/api/internal/artifacts/query/DefaultArtifactResolutionQuery$1
instanceKlass com/google/common/collect/AbstractMapBasedMultimap$KeySet$1
instanceKlass org/gradle/api/artifacts/result/ArtifactResult
instanceKlass org/gradle/api/artifacts/result/ComponentArtifactsResult
instanceKlass org/gradle/api/artifacts/result/ComponentResult
instanceKlass org/gradle/api/internal/artifacts/query/DefaultArtifactResolutionQuery
instanceKlass org/gradle/plugins/ide/internal/resolver/model/IdeExtendedRepoFileDependency$FileNameComparator
instanceKlass org/gradle/api/internal/artifacts/ivyservice/DefaultLenientConfiguration$IgnoreMissingExternalArtifacts
instanceKlass org/gradle/api/internal/artifacts/ivyservice/DefaultLenientConfiguration$2
instanceKlass org/gradle/plugins/ide/internal/resolver/DefaultIdeDependencyResolver$2
instanceKlass org/gradle/plugins/ide/internal/resolver/model/IdeDependencyKey
instanceKlass org/gradle/plugins/ide/idea/model/Dependency
instanceKlass org/gradle/plugins/ide/idea/model/internal/IdeaDependenciesProvider$3
instanceKlass org/gradle/plugins/ide/internal/resolver/model/IdeDependency
instanceKlass org/gradle/plugins/ide/internal/resolver/DefaultIdeDependencyResolver$1
instanceKlass org/gradle/plugins/ide/idea/model/internal/IdeaDependenciesProvider$9
instanceKlass org/gradle/plugins/ide/idea/model/internal/IdeaDependenciesProvider$8
instanceKlass org/gradle/plugins/ide/idea/model/internal/IdeaDependenciesProvider$1
instanceKlass org/gradle/plugins/ide/idea/model/internal/IdeaDependenciesProvider$2
instanceKlass org/gradle/plugins/ide/internal/resolver/UnresolvedDependenciesLogger
instanceKlass org/gradle/plugins/ide/idea/model/internal/ModuleDependencyBuilder
instanceKlass org/gradle/plugins/ide/idea/model/internal/IdeaScopeMappingRule
instanceKlass org/gradle/plugins/ide/internal/resolver/DefaultIdeDependencyResolver
instanceKlass org/gradle/plugins/ide/internal/resolver/IdeDependencyResolver
instanceKlass org/gradle/plugins/ide/internal/IdeDependenciesExtractor
instanceKlass org/gradle/plugins/ide/internal/resolver/model/IdeDependencyKey$DependencyBuilder
instanceKlass org/gradle/plugins/ide/idea/model/internal/IdeaDependenciesProvider
instanceKlass org/gradle/plugins/ide/internal/tooling/idea/DefaultIdeaCompilerOutput
instanceKlass org/gradle/plugins/ide/internal/tooling/idea/DefaultIdeaModule
instanceKlass org/gradle/plugins/ide/internal/tooling/idea/DefaultIdeaContentRoot
instanceKlass org/gradle/plugins/ide/idea/IdeaPlugin$9$2
instanceKlass org/gradle/plugins/ide/idea/IdeaPlugin$9$1
instanceKlass org/gradle/plugins/ide/internal/tooling/java/DefaultInstalledJdk
instanceKlass org/gradle/plugins/ide/internal/tooling/idea/DefaultIdeaJavaLanguageSettings
instanceKlass org/gradle/plugins/ide/internal/tooling/idea/DefaultIdeaLanguageLevel
instanceKlass org/gradle/plugins/ide/internal/tooling/idea/DefaultIdeaProject
instanceKlass org/gradle/util/DistributionLocator
instanceKlass org/gradle/buildinit/tasks/internal/TaskConfiguration$3
instanceKlass org/gradle/api/internal/AbstractTask$5
instanceKlass org/gradle/buildinit/tasks/internal/TaskConfiguration$2
instanceKlass org/gradle/buildinit/tasks/internal/TaskConfiguration$1
instanceKlass org/gradle/api/tasks/diagnostics/internal/TaskReportModel
instanceKlass org/gradle/internal/graph/GraphRenderer
instanceKlass org/gradle/api/plugins/HelpTasksPlugin$Rules$1
instanceKlass org/gradle/language/base/plugins/LifecycleBasePlugin$1$1
instanceKlass org/gradle/api/tasks/diagnostics/BuildEnvironmentReportTask$1
instanceKlass org/gradle/api/tasks/diagnostics/internal/graph/NodeRenderer
instanceKlass org/gradle/api/tasks/diagnostics/internal/graph/nodes/RenderableDependency
instanceKlass org/gradle/api/tasks/diagnostics/internal/DependencyReportRenderer
instanceKlass com/google/common/base/Strings
instanceKlass org/gradle/api/internal/tasks/PublicTaskSpecification
instanceKlass org/gradle/plugins/ide/internal/tooling/ToolingModelBuilderSupport
instanceKlass org/gradle/tooling/internal/gradle/DefaultBuildIdentifier
instanceKlass org/gradle/tooling/internal/gradle/DefaultProjectIdentifier
instanceKlass org/gradle/tooling/internal/gradle/DefaultGradleScript
instanceKlass org/gradle/tooling/model/gradle/GradleScript
instanceKlass org/gradle/tooling/internal/gradle/DefaultGradleProject
instanceKlass org/gradle/plugins/ide/idea/IdeaPlugin$5
instanceKlass org/gradle/plugins/ide/internal/configurer/HierarchicalElementDeduplicator$StatefulDeduplicator$1
instanceKlass org/gradle/plugins/ide/internal/configurer/HierarchicalElementDeduplicator$StatefulDeduplicator
instanceKlass org/gradle/plugins/ide/idea/internal/IdeaNameDeduper$IdeaDeduplicationAdapter
instanceKlass org/gradle/plugins/ide/internal/configurer/HierarchicalElementDeduplicator
instanceKlass org/gradle/plugins/ide/idea/internal/IdeaNameDeduper$2
instanceKlass org/gradle/plugins/ide/idea/internal/IdeaNameDeduper$1
instanceKlass org/gradle/plugins/ide/internal/configurer/NameDeduplicationAdapter
instanceKlass org/gradle/plugins/ide/idea/internal/IdeaNameDeduper
instanceKlass org/gradle/plugins/ide/idea/IdeaPlugin$4
instanceKlass org/gradle/plugins/ide/idea/internal/IdeaScalaConfigurer
instanceKlass org/gradle/plugins/ide/idea/IdeaPlugin$20
instanceKlass org/gradle/language/scala/plugins/ScalaLanguagePlugin
instanceKlass org/gradle/plugins/ide/idea/IdeaPlugin$19
instanceKlass org/gradle/api/plugins/scala/ScalaBasePlugin
instanceKlass org/gradle/plugins/ide/idea/IdeaPlugin$17
instanceKlass org/gradle/plugins/ide/idea/IdeaPlugin$16
instanceKlass org/gradle/plugins/ide/idea/IdeaPlugin$15
instanceKlass org/gradle/plugins/ide/idea/IdeaPlugin$14
instanceKlass org/gradle/plugins/ide/idea/IdeaPlugin$13
instanceKlass org/gradle/plugins/ide/idea/IdeaPlugin$12
instanceKlass org/gradle/plugins/ide/idea/IdeaPlugin$11
instanceKlass org/gradle/language/scala/ScalaPlatform
instanceKlass org/gradle/plugins/ide/idea/model/Path
instanceKlass org/gradle/plugins/ide/idea/IdeaPlugin$10
instanceKlass org/gradle/plugins/ide/idea/IdeaPlugin$9
instanceKlass org/gradle/plugins/ide/idea/IdeaPlugin$8
instanceKlass org/gradle/plugins/ide/idea/IdeaPlugin$7
instanceKlass org/gradle/plugins/ide/idea/IdeaPlugin$6
instanceKlass org/gradle/composite/internal/CompositeBuildIdeProjectResolver
instanceKlass org/gradle/plugins/ide/idea/model/PathFactory
instanceKlass org/objectweb/asm/Handler
instanceKlass org/gradle/plugins/ide/idea/model/IdeaLanguageLevel
instanceKlass org/gradle/plugins/ide/api/FileContentMerger
instanceKlass org/gradle/plugins/ide/internal/generator/generator/PersistableConfigurationObjectGenerator
instanceKlass org/gradle/internal/xml/XmlTransformer
instanceKlass org/gradle/plugins/ide/internal/generator/AbstractPersistableConfigurationObject
instanceKlass org/gradle/plugins/ide/internal/generator/generator/PersistableConfigurationObject
instanceKlass org/gradle/plugins/ide/internal/generator/generator/Generator
instanceKlass org/gradle/plugins/ide/idea/model/IdeaWorkspace
instanceKlass org/gradle/plugins/ide/idea/model/IdeaProject
instanceKlass org/gradle/plugins/ide/idea/model/IdeaModule
instanceKlass org/gradle/plugins/ide/idea/model/IdeaModel
instanceKlass org/gradle/plugins/ide/idea/IdeaPlugin$3
instanceKlass org/gradle/plugins/ide/idea/IdeaPlugin$2
instanceKlass org/gradle/plugins/ide/idea/IdeaPlugin$1
instanceKlass org/gradle/plugins/ide/internal/IdePlugin
instanceKlass org/codehaus/groovy/runtime/metaclass/DefaultMetaClassInfo$ConstantMetaClassVersioning
instanceKlass org/codehaus/groovy/runtime/metaclass/DefaultMetaClassInfo
instanceKlass org/codehaus/groovy/runtime/BytecodeInterface8
instanceKlass org/jetbrains/plugins/gradle/model/BuildScriptClasspathModel
instanceKlass org/jetbrains/plugins/gradle/model/ModuleExtendedModel
instanceKlass org/jetbrains/plugins/gradle/model/ear/EarConfiguration$EarModel
instanceKlass org/jetbrains/plugins/gradle/model/ExternalDependency
instanceKlass org/jetbrains/plugins/gradle/model/ear/EarConfiguration
instanceKlass org/jetbrains/plugins/gradle/model/web/WebConfiguration$WarModel
instanceKlass org/jetbrains/plugins/gradle/model/web/WebConfiguration
instanceKlass org/gradle/tooling/internal/consumer/versioning/ModelMapping$DefaultModelIdentifier
instanceKlass com/google/common/base/Objects
instanceKlass org/jetbrains/plugins/gradle/model/UnresolvedExternalDependency
instanceKlass org/jetbrains/plugins/gradle/model/FileCollectionDependency
instanceKlass org/jetbrains/plugins/gradle/model/ExternalLibraryDependency
instanceKlass org/jetbrains/plugins/gradle/model/ExternalProjectDependency
instanceKlass org/jetbrains/plugins/gradle/model/ExternalDependency
instanceKlass org/gradle/tooling/internal/adapter/ProtocolToModelAdapter$2
instanceKlass org/gradle/tooling/internal/adapter/ProtocolToModelAdapter$ViewGraphDetails
instanceKlass org/gradle/tooling/model/gradle/ProjectPublications
instanceKlass org/gradle/tooling/internal/protocol/InternalProjectOutcomes
instanceKlass org/gradle/tooling/model/internal/outcomes/ProjectOutcomes
instanceKlass org/gradle/tooling/internal/protocol/InternalBuildEnvironment
instanceKlass org/gradle/tooling/model/build/BuildEnvironment
instanceKlass org/gradle/tooling/internal/protocol/InternalBasicIdeaProject
instanceKlass org/gradle/tooling/model/idea/BasicIdeaProject
instanceKlass org/gradle/tooling/internal/protocol/InternalGradleProject
instanceKlass org/gradle/tooling/model/GradleProject
instanceKlass org/gradle/tooling/model/ProjectModel
instanceKlass org/gradle/tooling/model/BuildableElement
instanceKlass org/gradle/tooling/internal/protocol/InternalIdeaProject
instanceKlass org/gradle/tooling/model/idea/IdeaProject
instanceKlass org/gradle/tooling/internal/protocol/eclipse/EclipseProjectVersion3
instanceKlass org/gradle/tooling/internal/protocol/ProjectVersion3
instanceKlass org/gradle/tooling/internal/protocol/BuildableProjectVersion1
instanceKlass org/gradle/tooling/model/eclipse/EclipseProject
instanceKlass org/gradle/tooling/internal/protocol/eclipse/HierarchicalEclipseProjectVersion1
instanceKlass org/gradle/tooling/internal/protocol/HierarchicalProjectVersion1
instanceKlass org/gradle/tooling/model/eclipse/HierarchicalEclipseProject
instanceKlass com/google/common/collect/AbstractMapEntry
instanceKlass com/google/common/collect/Hashing
instanceKlass com/google/common/collect/CollectPreconditions
instanceKlass com/google/common/collect/BiMap
instanceKlass org/gradle/tooling/internal/protocol/ModelIdentifier
instanceKlass org/gradle/tooling/internal/consumer/versioning/ModelMapping
instanceKlass org/gradle/tooling/model/internal/outcomes/GradleFileBuildOutcome
instanceKlass org/gradle/tooling/model/internal/outcomes/GradleBuildOutcome
instanceKlass org/gradle/tooling/model/idea/IdeaModuleDependency
instanceKlass org/gradle/tooling/model/idea/IdeaSingleEntryLibraryDependency
instanceKlass org/gradle/tooling/model/ExternalDependency
instanceKlass org/gradle/tooling/model/idea/IdeaDependency
instanceKlass org/gradle/tooling/model/Dependency
instanceKlass org/gradle/tooling/internal/consumer/converters/ConsumerTargetTypeProvider
instanceKlass org/gradle/tooling/internal/adapter/CollectionMapper
instanceKlass org/gradle/tooling/internal/adapter/TypeInspector
instanceKlass org/gradle/tooling/internal/adapter/ProtocolToModelAdapter$MethodInvocationCache
instanceKlass org/gradle/tooling/internal/adapter/ProtocolToModelAdapter$ReflectionMethodInvoker
instanceKlass org/gradle/tooling/internal/adapter/MethodInvoker
instanceKlass org/gradle/tooling/internal/adapter/ProtocolToModelAdapter$1
instanceKlass org/gradle/tooling/internal/adapter/ProtocolToModelAdapter$NoOpDecoration
instanceKlass org/gradle/tooling/internal/adapter/ProtocolToModelAdapter$ViewDecoration
instanceKlass org/gradle/tooling/internal/adapter/ViewBuilder
instanceKlass org/gradle/internal/typeconversion/NotationParser
instanceKlass org/gradle/internal/typeconversion/NotationConverter
instanceKlass org/gradle/tooling/internal/adapter/ProtocolToModelAdapter
instanceKlass org/gradle/tooling/internal/adapter/ObjectGraphAdapter
instanceKlass org/gradle/tooling/model/ProjectIdentifier
instanceKlass org/gradle/tooling/internal/consumer/connection/BuildControllerAdapter
instanceKlass org/gradle/tooling/internal/protocol/BuildResult
instanceKlass org/gradle/tooling/internal/provider/runner/DefaultBuildController
instanceKlass org/gradle/api/internal/plugins/DefaultObjectConfigurationAction$2
instanceKlass JetGradlePlugin
instanceKlass org/jetbrains/plugins/gradle/model/ExternalPlugin
instanceKlass org/jetbrains/plugins/gradle/model/ExternalTask
instanceKlass org/jetbrains/plugins/gradle/model/DefaultExternalProject
instanceKlass org/jetbrains/plugins/gradle/model/ExternalProjectPreview
instanceKlass org/jetbrains/plugins/gradle/model/ExternalProject
instanceKlass org/jetbrains/plugins/gradle/model/ExternalSourceSet
instanceKlass org/jetbrains/plugins/gradle/tooling/builder/TasksFactory
instanceKlass sun/reflect/generics/tree/DoubleSignature
instanceKlass sun/reflect/generics/tree/LongSignature
instanceKlass java/util/concurrent/ForkJoinTask
instanceKlass java/util/function/IntBinaryOperator
instanceKlass java/util/function/ToIntBiFunction
instanceKlass java/util/function/LongBinaryOperator
instanceKlass java/util/function/ToLongBiFunction
instanceKlass java/util/function/DoubleBinaryOperator
instanceKlass java/util/function/ToDoubleBiFunction
instanceKlass org/jetbrains/plugins/gradle/tooling/builder/ExternalProjectBuilderImpl
instanceKlass org/jetbrains/plugins/gradle/tooling/internal/scala/ScalaForkOptionsImpl
instanceKlass org/jetbrains/plugins/gradle/model/scala/ScalaForkOptions
instanceKlass org/jetbrains/plugins/gradle/tooling/internal/scala/ScalaCompileOptionsImpl
instanceKlass org/jetbrains/plugins/gradle/model/scala/ScalaCompileOptions
instanceKlass org/jetbrains/plugins/gradle/model/scala/ScalaModel
instanceKlass org/jetbrains/plugins/gradle/tooling/builder/ScalaModelBuilderImpl
instanceKlass org/jetbrains/plugins/gradle/model/ClasspathEntryModel
instanceKlass org/jetbrains/plugins/gradle/tooling/builder/ModelBuildScriptClasspathBuilderImpl
instanceKlass org/jetbrains/plugins/gradle/model/ExtIdeaCompilerOutput
instanceKlass org/gradle/tooling/model/idea/IdeaSourceDirectory
instanceKlass org/gradle/tooling/model/SourceDirectory
instanceKlass org/jetbrains/plugins/gradle/tooling/builder/ModuleExtendedModelBuilderImpl
instanceKlass org/jetbrains/plugins/gradle/tooling/util/SourceSetCachedFinder
instanceKlass org/jetbrains/plugins/gradle/tooling/builder/EarModelBuilderImpl
instanceKlass org/jetbrains/plugins/gradle/tooling/builder/WarModelBuilderImpl
instanceKlass com/google/common/collect/Iterators$2
instanceKlass com/google/common/collect/PeekingIterator
instanceKlass com/google/common/collect/UnmodifiableIterator
instanceKlass com/google/common/collect/Iterators
instanceKlass com/google/common/base/Preconditions
instanceKlass com/google/common/collect/Lists
instanceKlass org/jetbrains/plugins/gradle/tooling/ErrorMessageBuilder
instanceKlass org/jetbrains/plugins/gradle/tooling/ModelBuilderService
instanceKlass org/jetbrains/plugins/gradle/tooling/internal/ExtraModelBuilder
instanceKlass java/io/Console
instanceKlass org/codehaus/groovy/runtime/callsite/CallSiteArray$1
instanceKlass org/gradle/api/internal/artifacts/DefaultModule
instanceKlass org/gradle/api/internal/artifacts/ivyservice/ivyresolve/NoRepositoriesResolver
instanceKlass org/jetbrains/plugins/gradle/model/ExternalProject
instanceKlass com/android/builder/model/NativeAndroidProject
instanceKlass com/google/appengine/gradle/model/AppEngineModel
instanceKlass org/jetbrains/plugins/gradle/model/BuildScriptClasspathModel
instanceKlass com/android/builder/model/AndroidProject
instanceKlass org/gradle/tooling/model/DomainObjectSet
instanceKlass org/jetbrains/plugins/gradle/model/ExtIdeaCompilerOutput
instanceKlass org/jetbrains/plugins/gradle/model/ModuleExtendedModel
instanceKlass org/gradle/tooling/model/gradle/GradleBuild
instanceKlass org/gradle/tooling/model/BuildModel
instanceKlass org/gradle/tooling/model/idea/IdeaModule
instanceKlass org/gradle/tooling/model/HasGradleProject
instanceKlass org/gradle/tooling/model/HierarchicalElement
instanceKlass org/gradle/tooling/model/Element
instanceKlass org/jetbrains/plugins/gradle/model/ModelsHolder
instanceKlass org/gradle/tooling/model/Model
instanceKlass org/jetbrains/plugins/gradle/model/ProjectImportAction
instanceKlass org/gradle/tooling/BuildAction
instanceKlass org/gradle/tooling/BuildController
instanceKlass org/gradle/tooling/internal/adapter/TargetTypeProvider
instanceKlass org/gradle/tooling/internal/consumer/connection/InternalBuildActionAdapter
instanceKlass org/gradle/tooling/internal/protocol/InternalBuildAction
instanceKlass org/gradle/internal/classpath/DefaultCachedClasspathTransformer$1
instanceKlass org/gradle/internal/serialize/ExceptionReplacingObjectInputStream$1
instanceKlass org/gradle/tooling/internal/provider/serialization/WellKnownClassLoaderRegistry$2
instanceKlass org/gradle/tooling/internal/provider/serialization/DefaultPayloadClassLoaderRegistry$2
instanceKlass org/gradle/tooling/internal/provider/serialization/DefaultPayloadClassLoaderRegistry$DetailsToClassLoaderTransformer
instanceKlass org/gradle/tooling/internal/provider/serialization/DefaultPayloadClassLoaderRegistry$ClassLoaderToDetailsTransformer
instanceKlass org/gradle/tooling/internal/provider/serialization/DefaultPayloadClassLoaderRegistry
instanceKlass org/gradle/tooling/internal/provider/serialization/DeserializeMap
instanceKlass org/gradle/tooling/internal/provider/serialization/SerializeMap
instanceKlass org/gradle/tooling/internal/provider/serialization/WellKnownClassLoaderRegistry
instanceKlass org/gradle/tooling/internal/provider/serialization/ModelClassLoaderFactory
instanceKlass org/gradle/tooling/internal/provider/serialization/DaemonSidePayloadClassLoaderFactory
instanceKlass java/net/UrlDeserializedState
instanceKlass org/gradle/tooling/internal/provider/serialization/ClassLoaderDetails
instanceKlass org/gradle/tooling/internal/provider/serialization/SerializedPayload
instanceKlass org/gradle/internal/remote/internal/inet/SocketConnection$1
instanceKlass org/gradle/internal/serialize/CausePlaceholder
instanceKlass org/gradle/internal/serialize/ExceptionPlaceholder$1
instanceKlass org/gradle/internal/serialize/ExceptionReplacingObjectOutputStream$2
instanceKlass org/gradle/internal/serialize/ExceptionPlaceholder
instanceKlass com/google/protobuf/ByteString$CodedBuilder
instanceKlass com/google/wireless/android/play/playlog/proto/ClientAnalytics$LogEventKeyValuesOrBuilder
instanceKlass com/google/protobuf/ByteString$ArraysByteArrayCopier
instanceKlass com/google/protobuf/CodedInputStream
instanceKlass com/google/protobuf/Internal
instanceKlass com/google/protobuf/ByteString$ByteIterator
instanceKlass com/google/protobuf/ByteString$ByteArrayCopier
instanceKlass com/google/protobuf/ByteString
instanceKlass com/google/protobuf/SmallSortedMap$EmptySet$2
instanceKlass com/google/protobuf/SmallSortedMap$EmptySet$1
instanceKlass com/google/protobuf/SmallSortedMap$EmptySet
instanceKlass com/google/protobuf/LazyFieldLite
instanceKlass com/google/protobuf/FieldSet
instanceKlass com/google/wireless/android/play/playlog/proto/ClientAnalytics$ActiveExperimentsOrBuilder
instanceKlass com/google/wireless/android/play/playlog/proto/ClientAnalytics$ExperimentIdsOrBuilder
instanceKlass com/google/wireless/android/play/playlog/proto/ClientAnalytics$NetworkConnectionInfoOrBuilder
instanceKlass com/google/wireless/android/play/playlog/proto/ClientAnalytics$AppUsage1pLogEventOrBuilder
instanceKlass com/google/wireless/android/play/playlog/proto/ClientAnalytics$LogEventOrBuilder
instanceKlass com/google/protobuf/GeneratedMessageV3$ExtendableMessageOrBuilder
instanceKlass com/google/wireless/android/sdk/stats/AndroidStudioEvent$EventKind$1
instanceKlass com/google/wireless/android/sdk/stats/AndroidStudioEvent$EventCategory$1
instanceKlass com/google/wireless/android/sdk/stats/EmulatorPerformanceStatsOrBuilder
instanceKlass com/google/wireless/android/sdk/stats/AppLinksAssistantEventOrBuilder
instanceKlass com/google/wireless/android/sdk/stats/FirebaseContextDetailsOrBuilder
instanceKlass com/google/wireless/android/sdk/stats/StudioPerformanceStatsOrBuilder
instanceKlass com/google/wireless/android/sdk/stats/LayoutEditorEventOrBuilder
instanceKlass com/google/wireless/android/sdk/stats/StudioProjectChangeOrBuilder
instanceKlass com/google/wireless/android/sdk/stats/LldbPerformanceStatsOrBuilder
instanceKlass com/google/wireless/android/sdk/stats/JvmDetailsOrBuilder
instanceKlass com/google/wireless/android/sdk/stats/MachineDetailsOrBuilder
instanceKlass com/google/wireless/android/sdk/stats/UIActionStatsOrBuilder
instanceKlass com/google/wireless/android/sdk/stats/TestRecorderDetailsOrBuilder
instanceKlass com/google/wireless/android/sdk/stats/GfxTracingDetailsOrBuilder
instanceKlass com/google/wireless/android/sdk/stats/FirebaseErrorDetailsOrBuilder
instanceKlass com/google/wireless/android/sdk/stats/LLDBFrontendDetailsOrBuilder
instanceKlass com/google/wireless/android/sdk/stats/EmulatorHostOrBuilder
instanceKlass com/google/wireless/android/sdk/stats/HypervisorOrBuilder
instanceKlass com/google/wireless/android/sdk/stats/EmulatorUiEventOrBuilder
instanceKlass com/google/wireless/android/sdk/stats/TestRunOrBuilder
instanceKlass com/google/wireless/android/sdk/stats/EmulatorDetailsOrBuilder
instanceKlass com/google/wireless/android/sdk/stats/MetaMetricsOrBuilder
instanceKlass com/google/wireless/android/sdk/stats/InstantRunOrBuilder
instanceKlass com/google/wireless/android/sdk/stats/GradleBuildDetailsOrBuilder
instanceKlass com/google/wireless/android/sdk/stats/StudioCrashOrBuilder
instanceKlass com/google/wireless/android/sdk/stats/DeviceInfoOrBuilder
instanceKlass com/google/wireless/android/sdk/stats/ProductDetailsOrBuilder
instanceKlass com/google/wireless/android/sdk/stats/AndroidStudioEventOrBuilder
instanceKlass com/google/protobuf/Utf8$Processor
instanceKlass com/google/protobuf/Utf8
instanceKlass com/google/protobuf/WireFormat
instanceKlass com/google/protobuf/UnsafeUtil$1
instanceKlass com/google/protobuf/UnsafeUtil
instanceKlass com/google/protobuf/ByteOutput
instanceKlass com/google/common/cache/LocalCache$WriteThroughEntry
instanceKlass com/google/common/cache/LocalCache$HashIterator
instanceKlass org/gradle/cache/internal/DefaultMultiProcessSafePersistentIndexedCache$4
instanceKlass org/apache/tools/ant/IntrospectionHelper$AttributeSetter
instanceKlass org/apache/tools/ant/IntrospectionHelper$NestedCreator
instanceKlass org/apache/tools/ant/IntrospectionHelper
instanceKlass com/android/dx/rop/code/RegisterSpec
instanceKlass com/android/dx/rop/type/TypeBearer
instanceKlass com/android/dx/util/ToHuman
instanceKlass com/android/dx/rop/type/Prototype
instanceKlass com/android/dx/cf/direct/AttributeFactory
instanceKlass com/android/dx/cf/direct/ClassPathOpener$Consumer
instanceKlass com/android/dx/cf/direct/ClassPathOpener$FileNameFilter
instanceKlass com/android/dx/command/dexer/Main
instanceKlass com/android/build/gradle/BasePlugin$1$$Lambda$284
instanceKlass com/android/ide/common/util/JvmWideVariable$$Lambda$283
instanceKlass com/android/ide/common/util/JvmWideVariable$$Lambda$282
instanceKlass com/android/ide/common/internal/ExecutorSingleton$$Lambda$281
instanceKlass java/lang/invoke/LambdaForm$DMH
instanceKlass com/android/ide/common/internal/ExecutorSingleton
instanceKlass org/gradle/internal/buildevents/BuildExceptionReporter$2
instanceKlass org/gradle/internal/logging/text/BufferingStyledTextOutput$ChangeStyleAction
instanceKlass org/gradle/internal/logging/text/AbstractStyledTextOutput$StyleOverrideTextOutput
instanceKlass org/gradle/internal/logging/text/BufferingStyledTextOutput$1
instanceKlass org/gradle/internal/buildevents/BuildExceptionReporter$FailureDetails
instanceKlass org/codehaus/groovy/runtime/StackTraceUtils
instanceKlass org/gradle/internal/exceptions/Contextual
instanceKlass org/gradle/tooling/internal/provider/events/DefaultFailure
instanceKlass org/gradle/tooling/internal/protocol/InternalFailure
instanceKlass com/android/builder/core/AndroidBuilder$1
instanceKlass com/android/manifmerger/Actions
instanceKlass com/android/manifmerger/MergingReport
instanceKlass com/android/manifmerger/MergingReport$Record
instanceKlass com/android/manifmerger/MergingReport$1
instanceKlass com/android/manifmerger/PreValidator$1
instanceKlass com/android/manifmerger/PreValidator
instanceKlass com/sun/org/apache/xerces/internal/dom/DeepNodeListImpl
instanceKlass com/android/manifmerger/Selector
instanceKlass com/android/manifmerger/Actions$DecisionTreeRecord
instanceKlass com/android/manifmerger/ConvertibleName
instanceKlass com/android/manifmerger/Actions$Record
instanceKlass com/android/manifmerger/XmlNode$NodeKey
instanceKlass com/android/manifmerger/XmlNode$Name
instanceKlass com/android/utils/SdkUtils
instanceKlass com/android/manifmerger/AttributeModel$Hexadecimal32Bits
instanceKlass com/android/manifmerger/ManifestModel$TwoAttributesBasedKeyResolver
instanceKlass com/android/manifmerger/AttributeModel$MultiValueValidator
instanceKlass com/android/manifmerger/XmlNode$NamespaceAwareName
instanceKlass com/android/manifmerger/AttributeModel$3
instanceKlass com/android/manifmerger/AttributeModel$2
instanceKlass com/android/manifmerger/AttributeModel$1
instanceKlass com/android/manifmerger/AttributeModel$MergingPolicy
instanceKlass com/android/manifmerger/AttributeModel
instanceKlass com/android/manifmerger/AttributeModel$Builder
instanceKlass com/android/manifmerger/AttributeModel$BooleanValidator
instanceKlass com/android/manifmerger/ManifestModel$2
instanceKlass com/android/manifmerger/ManifestModel$1
instanceKlass com/android/manifmerger/ManifestModel$NoKeyNodeResolver
instanceKlass com/android/manifmerger/ManifestModel$AttributeBasedNodeKeyResolver
instanceKlass com/android/manifmerger/ManifestModel
instanceKlass com/android/manifmerger/AttributeModel$Validator
instanceKlass com/android/manifmerger/ManifestModel$NodeKeyResolver
instanceKlass com/android/manifmerger/XmlNode$1
instanceKlass com/android/manifmerger/XmlNode$NodeName
instanceKlass com/android/manifmerger/XmlNode
instanceKlass com/android/manifmerger/XmlDocument
instanceKlass com/android/utils/PositionXmlParser$Position
instanceKlass com/sun/org/apache/xerces/internal/util/EntityResolver2Wrapper
instanceKlass com/sun/org/apache/xerces/internal/dom/ParentNode$UserDataRecord
instanceKlass org/xml/sax/ext/DeclHandler
instanceKlass org/xml/sax/ext/LexicalHandler
instanceKlass com/android/utils/PositionXmlParser
instanceKlass com/android/manifmerger/XmlLoader
instanceKlass com/android/manifmerger/ManifestMerger2$SelectorResolver
instanceKlass com/android/manifmerger/ActionRecorder
instanceKlass com/android/manifmerger/MergingReport$Builder
instanceKlass com/google/common/base/Optional
instanceKlass com/android/manifmerger/ManifestMerger2$MapBasedKeyBasedValueResolver
instanceKlass com/android/manifmerger/ManifestMerger2$FileStreamProvider
instanceKlass com/android/manifmerger/ManifestMerger2$AutoAddingProperty
instanceKlass com/android/manifmerger/ManifestMerger2$Invoker
instanceKlass com/android/manifmerger/PlaceholderHandler$KeyBasedValueResolver
instanceKlass com/android/manifmerger/ManifestMerger2$ManifestInfo
instanceKlass com/android/manifmerger/KeyResolver
instanceKlass com/android/manifmerger/ManifestMerger2
instanceKlass org/gradle/api/internal/changedetection/changes/StatefulIncrementalTaskInputs
instanceKlass org/gradle/api/internal/changedetection/changes/IncrementalTaskInputsInternal
instanceKlass org/gradle/api/internal/changedetection/changes/DiscoveredInputRecorder
instanceKlass org/gradle/api/internal/changedetection/rules/FileChange
instanceKlass org/gradle/launcher/daemon/server/DaemonRegistryUnavailableExpirationStrategy$1
instanceKlass org/gradle/cache/internal/SimpleStateCache$1
instanceKlass org/gradle/launcher/daemon/registry/PersistentDaemonRegistry$1
instanceKlass org/gradle/launcher/daemon/server/CompatibleDaemonExpirationStrategy$1
instanceKlass org/gradle/launcher/daemon/server/health/DaemonMemoryStatus$2
instanceKlass org/gradle/launcher/daemon/server/health/DaemonMemoryStatus$1
instanceKlass org/gradle/launcher/daemon/server/health/DaemonMemoryStatus$3
instanceKlass java/util/concurrent/LinkedBlockingDeque$AbstractItr
instanceKlass org/gradle/launcher/daemon/server/health/gc/GarbageCollectionStats
instanceKlass com/android/build/gradle/tasks/MergeManifests$$Lambda$280
instanceKlass org/gradle/cache/internal/btree/BTreePersistentIndexedCache$DataBlockUpdateResult
instanceKlass org/gradle/cache/internal/DefaultMultiProcessSafePersistentIndexedCache$3
instanceKlass org/gradle/cache/internal/DefaultMultiProcessSafePersistentIndexedCache$2
instanceKlass com/google/common/cache/RemovalNotification
instanceKlass org/gradle/cache/internal/AsyncCacheAccessDecoratedCache$3
instanceKlass org/gradle/cache/internal/CacheAccessWorker$AsyncCacheAccessRunnable
instanceKlass org/gradle/cache/internal/AsyncCacheAccessDecoratedCache$2
instanceKlass com/android/builder/internal/compiler/FileGatherer
instanceKlass com/android/builder/internal/compiler/RenderScriptProcessor$Abi
instanceKlass com/android/builder/internal/compiler/RenderScriptProcessor
instanceKlass com/android/ide/common/process/ProcessOutput
instanceKlass com/android/ide/common/process/BaseProcessOutputHandler
instanceKlass com/android/builder/internal/compiler/LeafFolderGatherer
instanceKlass com/android/builder/internal/compiler/SourceSearcher
instanceKlass org/gradle/api/internal/changedetection/rules/DescriptiveChange
instanceKlass com/google/common/collect/ImmutableSet$SerializedForm
instanceKlass com/google/common/collect/ImmutableMap$SerializedForm
instanceKlass com/google/common/collect/ImmutableList$SerializedForm
instanceKlass org/gradle/api/internal/changedetection/state/OrderInsensitiveTaskFilePropertyCompareStrategy$IncrementalFileSnapshotWithAbsolutePath
instanceKlass com/google/common/collect/MultimapBuilder$MultimapBuilderWithKeys
instanceKlass com/google/common/collect/MultimapBuilder
instanceKlass org/gradle/api/internal/changedetection/state/IgnoredPathFileSnapshot
instanceKlass org/gradle/jvm/platform/internal/DefaultJavaPlatform
instanceKlass com/android/build/gradle/tasks/ManifestProcessorTask$$Lambda$279
instanceKlass org/gradle/api/internal/changedetection/state/MissingFileVisitDetails
instanceKlass org/gradle/api/internal/changedetection/rules/TaskStateChange
instanceKlass com/google/common/collect/SortedLists
instanceKlass org/gradle/api/internal/changedetection/rules/AbstractNamedFileSnapshotTaskStateChanges$2
instanceKlass org/gradle/api/internal/changedetection/rules/AbstractNamedFileSnapshotTaskStateChanges$1
instanceKlass org/apache/commons/lang/ObjectUtils$Null
instanceKlass org/apache/commons/lang/exception/Nestable
instanceKlass org/apache/commons/lang/ObjectUtils
instanceKlass org/gradle/util/DiffUtil
instanceKlass org/gradle/api/internal/changedetection/rules/InputPropertiesTaskStateChanges$1
instanceKlass org/gradle/api/internal/changedetection/rules/SummaryTaskStateChanges
instanceKlass org/gradle/api/internal/changedetection/rules/DiscoveredInputsTaskStateChanges
instanceKlass org/gradle/api/internal/changedetection/rules/CachingTaskStateChanges
instanceKlass org/gradle/api/internal/changedetection/state/DefaultFileCollectionSnapshot$2
instanceKlass org/gradle/internal/Factories$CachingSoftReferenceFactory
instanceKlass org/gradle/api/internal/changedetection/state/DefaultFileCollectionSnapshot$1
instanceKlass org/gradle/api/internal/changedetection/state/FileHashSnapshot
instanceKlass org/gradle/api/internal/changedetection/state/AbstractNormalizedFileSnapshot
instanceKlass org/gradle/api/internal/changedetection/state/AbstractFileCollectionSnapshotter$FileVisitorImpl
instanceKlass org/gradle/api/internal/changedetection/state/AbstractFileCollectionSnapshotter$1
instanceKlass org/gradle/api/internal/changedetection/state/DefaultFileDetails
instanceKlass org/gradle/api/internal/changedetection/state/AbstractFileCollectionSnapshotter$FileCollectionVisitorImpl
instanceKlass org/gradle/api/internal/changedetection/rules/AbstractNamedFileSnapshotTaskStateChanges
instanceKlass org/gradle/util/ChangeListener
instanceKlass org/gradle/api/internal/changedetection/rules/SimpleTaskStateChanges
instanceKlass org/gradle/api/internal/changedetection/rules/DiscoveredInputsListener
instanceKlass org/gradle/api/internal/changedetection/rules/TaskStateChanges
instanceKlass org/gradle/api/internal/changedetection/rules/TaskUpToDateState
instanceKlass org/gradle/api/internal/tasks/TaskOutputsUtil
instanceKlass org/gradle/api/internal/changedetection/state/CacheBackedTaskHistoryRepository$1
instanceKlass org/gradle/api/internal/changedetection/state/CacheBackedTaskHistoryRepository$3
instanceKlass org/gradle/api/internal/changedetection/state/CacheBackedTaskHistoryRepository$2
instanceKlass org/gradle/api/internal/tasks/DefaultTaskOutputs$5
instanceKlass org/gradle/api/internal/tasks/TaskPropertyUtils
instanceKlass org/gradle/caching/internal/BuildCacheKeyBuilder
instanceKlass org/gradle/api/internal/changedetection/state/CacheBackedTaskHistoryRepository$TaskExecutionList
instanceKlass org/gradle/api/internal/changedetection/state/TaskExecutionSnapshot
instanceKlass org/gradle/internal/serialize/MapSerializer
instanceKlass org/gradle/api/internal/changedetection/state/InputPropertiesSerializer
instanceKlass org/gradle/api/internal/changedetection/state/CacheBackedTaskHistoryRepository$LazyTaskExecution$TaskExecutionSnapshotSerializer
instanceKlass org/gradle/cache/internal/btree/FreeListBlockStore$FreeListEntry
instanceKlass org/gradle/cache/internal/CacheAccessWorker$2
instanceKlass org/gradle/cache/internal/CacheAccessWorker$FlushOperationsCommand
instanceKlass org/gradle/cache/internal/CacheAccessWorker$ShutdownOperationsCommand
instanceKlass org/gradle/cache/internal/CacheAccessWorker$1
instanceKlass org/gradle/cache/internal/AsyncCacheAccessDecoratedCache$1
instanceKlass org/gradle/api/internal/changedetection/state/InMemoryDecoratedCache$1
instanceKlass org/gradle/cache/internal/CrossProcessSynchronizingCache$1
instanceKlass org/gradle/api/internal/changedetection/changes/DefaultTaskArtifactStateRepository$TaskArtifactStateImpl
instanceKlass com/google/common/io/CharStreams
instanceKlass com/android/builder/utils/FileCache$$Lambda$278
instanceKlass com/android/ide/common/util/ReadWriteProcessLock$$Lambda$277
instanceKlass com/android/ide/common/util/ReadWriteThreadLock$$Lambda$276
instanceKlass com/android/ide/common/util/ReadWriteThreadLock$WriteLock
instanceKlass com/android/ide/common/util/ReadWriteThreadLock$ReadLock
instanceKlass com/android/ide/common/util/ReadWriteThreadLock$Lock
instanceKlass com/android/ide/common/util/ReadWriteThreadLock
instanceKlass com/android/ide/common/util/ReadWriteProcessLock$WriteLock
instanceKlass com/android/ide/common/util/ReadWriteProcessLock$ReadLock
instanceKlass com/android/ide/common/util/JvmWideVariable$ValueWrapper
instanceKlass com/android/ide/common/util/JvmWideVariable$ValueWrapperMBean
instanceKlass com/google/common/reflect/Types$ClassOwnership$1LocalClass
instanceKlass com/google/common/reflect/Types$ParameterizedTypeImpl
instanceKlass com/google/common/reflect/Types$TypeVariableImpl
instanceKlass com/google/common/reflect/Types$1
instanceKlass com/google/common/reflect/Types
instanceKlass com/google/common/reflect/Types$NativeTypeVariableEquals
instanceKlass com/google/common/reflect/TypeResolver$TypeVariableKey
instanceKlass com/google/common/reflect/TypeResolver$TypeTable
instanceKlass com/google/common/reflect/TypeResolver
instanceKlass com/android/ide/common/util/JvmWideVariable
instanceKlass com/google/common/reflect/TypeCapture
instanceKlass com/android/ide/common/util/ReadWriteProcessLock$Lock
instanceKlass com/android/ide/common/util/ReadWriteProcessLock
instanceKlass com/android/builder/utils/FileCache$$Lambda$275
instanceKlass com/android/builder/utils/FileCache$QueryResult
instanceKlass com/android/builder/utils/FileCache$$Lambda$274
instanceKlass com/android/builder/utils/FileCache$$Lambda$273
instanceKlass com/android/build/gradle/internal/tasks/PrepareLibraryTask$$Lambda$272
instanceKlass com/android/builder/utils/ExceptionConsumer
instanceKlass com/android/build/gradle/internal/tasks/PrepareLibraryTask$$Lambda$271
instanceKlass org/gradle/internal/logging/compatbridge/LoggingManagerInternalCompatibilityBridge
instanceKlass org/gradle/api/internal/changedetection/changes/NoHistoryArtifactState
instanceKlass org/gradle/api/internal/TaskExecutionHistory
instanceKlass com/google/wireless/android/sdk/stats/GradleTaskExecution$Type$1
instanceKlass com/android/build/gradle/internal/profile/AnalyticsUtil
instanceKlass org/gradle/api/internal/tasks/execution/DefaultTaskExecutionContext
instanceKlass org/gradle/internal/logging/events/StyledTextOutputEvent$Span
instanceKlass org/gradle/tooling/internal/provider/events/DefaultTaskDescriptor
instanceKlass org/gradle/tooling/internal/protocol/events/InternalTaskDescriptor
instanceKlass org/gradle/execution/taskgraph/DefaultTaskGraphExecuter$EventFiringTaskWorker$1
instanceKlass org/gradle/api/execution/internal/TaskOperationDescriptor
instanceKlass org/gradle/internal/operations/BuildOperationWorkerRegistry$Operation
instanceKlass org/gradle/execution/taskgraph/AbstractTaskPlanExecutor$TaskExecutorWorker
instanceKlass org/gradle/api/execution/TaskActionListener
instanceKlass org/gradle/api/internal/tasks/execution/ExecuteActionsTaskExecuter
instanceKlass org/gradle/caching/internal/DefaultBuildCacheConfiguration$1
instanceKlass org/gradle/caching/BuildCache
instanceKlass org/gradle/caching/internal/BuildCacheFactory
instanceKlass org/gradle/caching/internal/DefaultBuildCacheConfiguration
instanceKlass org/gradle/api/internal/tasks/execution/SkipUpToDateTaskExecuter
instanceKlass org/gradle/api/internal/tasks/execution/ValidatingTaskExecuter
instanceKlass org/gradle/api/internal/tasks/execution/SkipEmptySourceFilesTaskExecuter
instanceKlass org/gradle/api/internal/tasks/execution/ResolveTaskArtifactStateTaskExecuter
instanceKlass org/gradle/api/internal/tasks/execution/SkipTaskWithNoActionsExecuter
instanceKlass org/gradle/api/internal/tasks/execution/SkipOnlyIfTaskExecuter
instanceKlass org/gradle/api/internal/tasks/execution/ExecuteAtMostOnceTaskExecuter
instanceKlass org/gradle/api/internal/tasks/execution/CatchExceptionTaskExecuter
instanceKlass org/gradle/api/execution/internal/TaskInputsListener$1
instanceKlass org/gradle/api/execution/internal/TaskInputsListener
instanceKlass org/gradle/caching/internal/tasks/origin/TaskOutputOriginWriter
instanceKlass org/gradle/caching/internal/tasks/origin/TaskOutputOriginReader
instanceKlass org/gradle/caching/internal/tasks/TarTaskOutputPacker
instanceKlass org/gradle/caching/internal/tasks/GZipTaskOutputPacker
instanceKlass org/gradle/caching/internal/tasks/OutputPreparingTaskOutputPacker
instanceKlass org/gradle/api/internal/changedetection/changes/DefaultTaskArtifactStateRepository
instanceKlass org/gradle/api/internal/changedetection/TaskArtifactState
instanceKlass org/gradle/api/internal/changedetection/changes/ShortCircuitTaskArtifactStateRepository
instanceKlass org/gradle/cache/internal/AsyncCacheAccessContext
instanceKlass org/gradle/api/internal/changedetection/state/CacheBackedTaskHistoryRepository$TaskExecutionListSerializer
instanceKlass org/gradle/api/internal/changedetection/state/CacheBackedFileSnapshotRepository
instanceKlass org/gradle/api/internal/changedetection/state/TaskHistoryRepository$History
instanceKlass org/gradle/api/internal/changedetection/state/TaskExecution
instanceKlass org/gradle/api/internal/changedetection/state/CacheBackedTaskHistoryRepository
instanceKlass org/gradle/api/internal/changedetection/state/SnapshotMapSerializer
instanceKlass org/gradle/api/internal/changedetection/state/DefaultFileCollectionSnapshot$SerializerImpl
instanceKlass org/gradle/api/internal/changedetection/state/DefaultFileCollectionSnapshot
instanceKlass org/gradle/api/internal/changedetection/state/OutputFilesSnapshotter
instanceKlass org/gradle/api/internal/changedetection/state/DefaultFileCollectionSnapshotterRegistry$1
instanceKlass org/gradle/api/internal/changedetection/state/DefaultFileCollectionSnapshotterRegistry
instanceKlass org/gradle/api/internal/changedetection/state/DefaultClasspathSnapshotter$1
instanceKlass org/gradle/api/internal/changedetection/state/FileCollectionSnapshot
instanceKlass org/gradle/api/internal/changedetection/state/FileDetails
instanceKlass org/gradle/api/internal/changedetection/state/DirSnapshot
instanceKlass org/gradle/api/internal/changedetection/state/MissingFileSnapshot
instanceKlass org/gradle/api/internal/changedetection/state/IncrementalFileSnapshot
instanceKlass org/gradle/api/internal/changedetection/state/AbstractFileCollectionSnapshotter
instanceKlass org/gradle/cache/internal/DefaultCacheAccess$4
instanceKlass org/gradle/cache/internal/CrossProcessSynchronizingCache
instanceKlass org/gradle/api/internal/changedetection/state/InMemoryDecoratedCache
instanceKlass org/gradle/api/internal/changedetection/state/LoggingEvictionListener
instanceKlass org/gradle/cache/internal/AsyncCacheAccessDecoratedCache
instanceKlass org/gradle/cache/internal/CacheAccessWorker
instanceKlass org/gradle/api/internal/changedetection/state/DefaultTaskHistoryStore
instanceKlass org/gradle/api/internal/changedetection/state/CacheCapSizer
instanceKlass org/gradle/cache/internal/MultiProcessSafeAsyncPersistentIndexedCache
instanceKlass org/gradle/execution/taskgraph/DefaultTaskGraphExecuter$EventFiringTaskWorker
instanceKlass com/google/common/collect/SortedIterables
instanceKlass com/android/builder/internal/compiler/DxDexKey$$Lambda$270
instanceKlass com/android/builder/internal/compiler/PreProcessCache$KeyFactory
instanceKlass java/lang/invoke/LambdaForm$DMH
instanceKlass com/android/builder/internal/compiler/PreProcessCache$StoredItem
instanceKlass com/android/builder/internal/compiler/PreProcessCache$Key
instanceKlass com/android/builder/internal/compiler/PreProcessCache$BaseItem
instanceKlass com/android/builder/internal/compiler/PreProcessCache
instanceKlass org/gradle/internal/progress/PercentageProgressFormatter
instanceKlass org/gradle/execution/taskgraph/DefaultTaskExecutionPlan$2
